<?xml version="1.0" encoding="UTF-8"?>
<!-- Generated by org.testng.reporters.JUnitReportReporter -->
<testsuite skipped="0" hostname="Vishalmi-w10" name="com.demo.qa.testcases.LoginTest" tests="1" failures="0" timestamp="08 Jul 2021 11:08:10 GMT" time="6.863" errors="0">
  <testcase name="loginTest" time="6.863" classname="com.demo.qa.testcases.LoginTest"/>
</testsuite> <!-- com.demo.qa.testcases.LoginTest -->
