<?xml version="1.0" encoding="UTF-8"?>
<!-- Generated by org.testng.reporters.JUnitReportReporter -->
<testsuite skipped="0" hostname="Vishalmi-w10" name="com.demo.qa.testcases.LoginTest" tests="1" failures="0" timestamp="2021-07-08T21:48:18 IST" time="6.873" errors="0">
  <testcase name="loginTest" time="6.873" classname="com.demo.qa.testcases.LoginTest"/>
  <system-out/>
</testsuite> <!-- com.demo.qa.testcases.LoginTest -->
